Kmer Analysis Toolkit (KAT) V2.4.1

Running KAT in COMP mode
------------------------

Loading hashes into memory...Loading hashes into memory...Loading hashes into memory... done.  Time taken: 3.9s

 done.  Time taken: 4.4s

 done.  Time taken: 4.4s

Comparing hashes ... done.  Time taken: 1.4s

Merging results ... done.  Time taken: 4.3s

Saving results to disk ... done.  Time taken: 0.2s


Summary statistics
------------------

K-mer statistics for: 
 - Hash 1: "histograms/sample02-hash.jf27"
 - Hash 2: "histograms/sample01-hash.jf27"

Total K-mers in: 
 - Hash 1: 178511706
 - Hash 2: 168362785

Distinct K-mers in:
 - Hash 1: 11403879
 - Hash 2: 10290178

Total K-mers only found in:
 - Hash 1: 8554765
 - Hash 2: 7307546

Distinct K-mers only found in:
 - Hash 1: 7780168
 - Hash 2: 6666467

Shared K-mers:
 - Total shared found in hash 1: 169956941
 - Total shared found in hash 2: 161055239
 - Distinct shared K-mers: 3623711

Distance between spectra 1 and 2 (all k-mers):
 - Manhattan distance: 1.12076e+06
 - Euclidean distance: 984052
 - Cosine distance: 8.04176e-05
 - Canberra distance: 95.5335
 - Jaccard distance: 0.0982483

Distance between spectra 1 and 2 (shared k-mers):
 - Manhattan distance: 143288
 - Euclidean distance: 53272.3
 - Cosine distance: 0.000206255
 - Canberra distance: 95.4464
 - Jaccard distance: 0.0387752

Creating plot(s) ... done.  Time taken: 5.3s

Current configuration does not support peak analysis.
KAT COMP completed.
Total runtime: 15.7s

