Kmer Analysis Toolkit (KAT) V2.4.1

Running KAT in COMP mode
------------------------

Loading hashes into memory...Loading hashes into memory...Loading hashes into memory... done.  Time taken: 1.4s

 done.  Time taken: 61.6s

 done.  Time taken: 61.6s

Comparing hashes ... done.  Time taken: 12.5s

Merging results ... done.  Time taken: 4.8s

Saving results to disk ... done.  Time taken: 0.3s


Summary statistics
------------------

K-mer statistics for: 
 - Hash 1: "histograms/sample09-hash.jf27"
 - Hash 2: "histograms/sample03-hash.jf27"

Total K-mers in: 
 - Hash 1: 1234550719
 - Hash 2: 20578961

Distinct K-mers in:
 - Hash 1: 301376271
 - Hash 2: 3823668

Total K-mers only found in:
 - Hash 1: 1227749819
 - Hash 2: 17411146

Distinct K-mers only found in:
 - Hash 1: 301251709
 - Hash 2: 3699106

Shared K-mers:
 - Total shared found in hash 1: 6800900
 - Total shared found in hash 2: 3167815
 - Distinct shared K-mers: 124562

Distance between spectra 1 and 2 (all k-mers):
 - Manhattan distance: 2.97553e+08
 - Euclidean distance: 2.04235e+08
 - Cosine distance: 0.000555315
 - Canberra distance: 829.311
 - Jaccard distance: 0.987313

Distance between spectra 1 and 2 (shared k-mers):
 - Manhattan distance: 147540
 - Euclidean distance: 74195.8
 - Cosine distance: 0.142733
 - Canberra distance: 703.037
 - Jaccard distance: 0.743904

Creating plot(s) ... done.  Time taken: 3.8s

Current configuration does not support peak analysis.
KAT COMP completed.
Total runtime: 83.4s

