Kmer Analysis Toolkit (KAT) V2.4.1

Running KAT in COMP mode
------------------------

Loading hashes into memory...Loading hashes into memory...Loading hashes into memory... done.  Time taken: 2.5s

 done.  Time taken: 167.8s

 done.  Time taken: 167.8s

Comparing hashes ... done.  Time taken: 13.1s

Merging results ... done.  Time taken: 4.2s

Saving results to disk ... done.  Time taken: 0.3s


Summary statistics
------------------

K-mer statistics for: 
 - Hash 1: "histograms/sample08-hash.jf27"
 - Hash 2: "histograms/sample04-hash.jf27"

Total K-mers in: 
 - Hash 1: 1511522117
 - Hash 2: 51241545

Distinct K-mers in:
 - Hash 1: 310875810
 - Hash 2: 5637127

Total K-mers only found in:
 - Hash 1: 1417361339
 - Hash 2: 30240773

Distinct K-mers only found in:
 - Hash 1: 310609541
 - Hash 2: 5370858

Shared K-mers:
 - Total shared found in hash 1: 94160778
 - Total shared found in hash 2: 21000772
 - Distinct shared K-mers: 266269

Distance between spectra 1 and 2 (all k-mers):
 - Manhattan distance: 3.05239e+08
 - Euclidean distance: 2.03201e+08
 - Cosine distance: 8.50259e-05
 - Canberra distance: 878.215
 - Jaccard distance: 0.981867

Distance between spectra 1 and 2 (shared k-mers):
 - Manhattan distance: 159048
 - Euclidean distance: 79365.5
 - Cosine distance: 0.064408
 - Canberra distance: 728.717
 - Jaccard distance: 0.459951

Creating plot(s) ... done.  Time taken: 3.5s

Current configuration does not support peak analysis.
KAT COMP completed.
Total runtime: 190.0s

