Kmer Analysis Toolkit (KAT) V2.4.1

Running KAT in COMP mode
------------------------

Loading hashes into memory...Loading hashes into memory...Loading hashes into memory... done.  Time taken: 49.9s

 done.  Time taken: 101.0s

 done.  Time taken: 101.0s

Comparing hashes ... done.  Time taken: 44.1s

Merging results ... done.  Time taken: 6.0s

Saving results to disk ... done.  Time taken: 0.2s


Summary statistics
------------------

K-mer statistics for: 
 - Hash 1: "histograms/sample06-hash.jf27"
 - Hash 2: "histograms/sample05-hash.jf27"

Total K-mers in: 
 - Hash 1: 1991580296
 - Hash 2: 1260233098

Distinct K-mers in:
 - Hash 1: 503926002
 - Hash 2: 242837879

Total K-mers only found in:
 - Hash 1: 726166956
 - Hash 2: 235396951

Distinct K-mers only found in:
 - Hash 1: 433793945
 - Hash 2: 172705822

Shared K-mers:
 - Total shared found in hash 1: 1265413340
 - Total shared found in hash 2: 1024836147
 - Distinct shared K-mers: 70132057

Distance between spectra 1 and 2 (all k-mers):
 - Manhattan distance: 2.61228e+08
 - Euclidean distance: 2.17063e+08
 - Cosine distance: 0.000199501
 - Canberra distance: 141.706
 - Jaccard distance: 0.518314

Distance between spectra 1 and 2 (shared k-mers):
 - Manhattan distance: 1.36872e+07
 - Euclidean distance: 5.24306e+06
 - Cosine distance: 0.0012198
 - Canberra distance: 129.723
 - Jaccard distance: 0.177812

Creating plot(s) ... done.  Time taken: 3.7s

Current configuration does not support peak analysis.
KAT COMP completed.
Total runtime: 155.9s

