vsearch v2.13.4_linux_x86_64, 251.9GB RAM, 64 cores
https://github.com/torognes/vsearch

Dereplicating file ../../data/RUNGEN27_2019/cleaned//1.fastq.gz 100%
611083476 nt in 4804987 seqs, min 50, max 151, avg 127
Sorting 100%
1824134 unique sequences, avg cluster 2.6, median 1, max 44345
Writing output file 100%
vsearch v2.13.4_linux_x86_64, 251.9GB RAM, 64 cores
https://github.com/torognes/vsearch

Dereplicating file ../../data/RUNGEN27_2019/cleaned//2.fastq.gz 100%
675861008 nt in 5331254 seqs, min 50, max 151, avg 127
Sorting 100%
1943626 unique sequences, avg cluster 2.7, median 1, max 54026
Writing output file 100%
vsearch v2.13.4_linux_x86_64, 251.9GB RAM, 64 cores
https://github.com/torognes/vsearch

Dereplicating file ../../data/RUNGEN27_2019/cleaned//3.fastq.gz 100%
34175481 nt in 268881 seqs, min 50, max 151, avg 127
Sorting 100%
209709 unique sequences, avg cluster 1.3, median 1, max 2560
Writing output file 100%
vsearch v2.13.4_linux_x86_64, 251.9GB RAM, 64 cores
https://github.com/torognes/vsearch

Dereplicating file ../../data/RUNGEN27_2019/cleaned//4.fastq.gz 100%
109024422 nt in 860538 seqs, min 50, max 151, avg 127
Sorting 100%
534026 unique sequences, avg cluster 1.6, median 1, max 7169
Writing output file 100%
vsearch v2.13.4_linux_x86_64, 251.9GB RAM, 64 cores
https://github.com/torognes/vsearch

Dereplicating file ../../data/RUNGEN27_2019/cleaned//5.fastq.gz 100%
2074933085 nt in 20927212 seqs, min 50, max 151, avg 99
Sorting 100%
16959050 unique sequences, avg cluster 1.2, median 1, max 11990
Writing output file 100%
vsearch v2.13.4_linux_x86_64, 251.9GB RAM, 64 cores
https://github.com/torognes/vsearch

Dereplicating file ../../data/RUNGEN27_2019/cleaned//6.fastq.gz 100%
2867400490 nt in 28542412 seqs, min 50, max 151, avg 100
Sorting 100%
26588862 unique sequences, avg cluster 1.1, median 1, max 9306
Writing output file 100%
vsearch v2.13.4_linux_x86_64, 251.9GB RAM, 64 cores
https://github.com/torognes/vsearch

Dereplicating file ../../data/RUNGEN27_2019/cleaned//7.fastq.gz 100%
1972294136 nt in 19343026 seqs, min 50, max 151, avg 102
Sorting 100%
17882863 unique sequences, avg cluster 1.1, median 1, max 2083
Writing output file 100%
vsearch v2.13.4_linux_x86_64, 251.9GB RAM, 64 cores
https://github.com/torognes/vsearch

Dereplicating file ../../data/RUNGEN27_2019/cleaned//8.fastq.gz 100%
2318083858 nt in 22218814 seqs, min 50, max 151, avg 104
Sorting 100%
19081632 unique sequences, avg cluster 1.2, median 1, max 11116
Writing output file 100%
vsearch v2.13.4_linux_x86_64, 251.9GB RAM, 64 cores
https://github.com/torognes/vsearch

Dereplicating file ../../data/RUNGEN27_2019/cleaned//9.fastq.gz 100%
1766609702 nt in 16913421 seqs, min 50, max 151, avg 104
Sorting 100%
15707119 unique sequences, avg cluster 1.1, median 1, max 3454
Writing output file 100%
vsearch v2.13.4_linux_x86_64, 251.9GB RAM, 64 cores
https://github.com/torognes/vsearch

Dereplicating file ../../data/RUNGEN27_2019/cleaned//10.fastq.gz 100%
1593747154 nt in 15721693 seqs, min 50, max 151, avg 101
Sorting 100%
14893932 unique sequences, avg cluster 1.1, median 1, max 1431
Writing output file 100%
