Kmer Analysis Toolkit (KAT) V2.4.1

Running KAT in HIST mode
------------------------

Input 1 is a sequence file.  Counting kmers for input 1 (dereplicated_fasta/derep06.fa) ...
Warning: Specified hash size insufficent - attempting to double hash size...
Warning: Specified hash size insufficent - attempting to double hash size...
Warning: Specified hash size insufficent - attempting to double hash size...
Warning: Specified hash size insufficent - attempting to double hash size...
Warning: Specified hash size insufficent - attempting to double hash size...
Warning: Specified hash size insufficent - attempting to double hash size...
Warning: Specified hash size insufficent - attempting to double hash size...
Warning: Specified hash size insufficent - attempting to double hash size...
Warning: Specified hash size insufficent - attempting to double hash size...
Warning: Specified hash size insufficent - attempting to double hash size...
Warning: Specified hash size insufficent - attempting to double hash size...
Warning: Specified hash size insufficent - attempting to double hash size...
Warning: Specified hash size insufficent - attempting to double hash size...
Warning: Specified hash size insufficent - attempting to double hash size...
Warning: Specified hash size insufficent - attempting to double hash size...
Warning: Specified hash size insufficent - attempting to double hash size...
Warning: Specified hash size insufficent - attempting to double hash size...
Warning: Specified hash size insufficent - attempting to double hash size...
Warning: Specified hash size insufficent - attempting to double hash size...
Warning: Specified hash size insufficent - attempting to double hash size... success!
 success!
 success!
 success!
 success!
 success!
 success!
 success!
 success!
 success!
 success!
 success!
 success!
 success!
 success!
 success!
 success!
 success!
 success!
 success!

Warning: Specified hash size insufficent - attempting to double hash size...
Warning: Specified hash size insufficent - attempting to double hash size...
Warning: Specified hash size insufficent - attempting to double hash size...
Warning: Specified hash size insufficent - attempting to double hash size...
Warning: Specified hash size insufficent - attempting to double hash size...
Warning: Specified hash size insufficent - attempting to double hash size...
Warning: Specified hash size insufficent - attempting to double hash size...
Warning: Specified hash size insufficent - attempting to double hash size...
Warning: Specified hash size insufficent - attempting to double hash size...
Warning: Specified hash size insufficent - attempting to double hash size...
Warning: Specified hash size insufficent - attempting to double hash size...
Warning: Specified hash size insufficent - attempting to double hash size...
Warning: Specified hash size insufficent - attempting to double hash size...
Warning: Specified hash size insufficent - attempting to double hash size...
Warning: Specified hash size insufficent - attempting to double hash size...
Warning: Specified hash size insufficent - attempting to double hash size...
Warning: Specified hash size insufficent - attempting to double hash size...
Warning: Specified hash size insufficent - attempting to double hash size...
Warning: Specified hash size insufficent - attempting to double hash size...
Warning: Specified hash size insufficent - attempting to double hash size... success!
 success!
 success!
 success!
 success!
 success!
 success!
 success!
 success!
 success!
 success!
 success!
 success!
 success!
 success!
 success!
 success!
 success!
 success!
 success!

Warning: Specified hash size insufficent - attempting to double hash size...
Warning: Specified hash size insufficent - attempting to double hash size...
Warning: Specified hash size insufficent - attempting to double hash size...
Warning: Specified hash size insufficent - attempting to double hash size...
Warning: Specified hash size insufficent - attempting to double hash size...
Warning: Specified hash size insufficent - attempting to double hash size...
Warning: Specified hash size insufficent - attempting to double hash size...
Warning: Specified hash size insufficent - attempting to double hash size...
Warning: Specified hash size insufficent - attempting to double hash size...
Warning: Specified hash size insufficent - attempting to double hash size...
Warning: Specified hash size insufficent - attempting to double hash size...
Warning: Specified hash size insufficent - attempting to double hash size...
Warning: Specified hash size insufficent - attempting to double hash size...
Warning: Specified hash size insufficent - attempting to double hash size...
Warning: Specified hash size insufficent - attempting to double hash size...
Warning: Specified hash size insufficent - attempting to double hash size...
Warning: Specified hash size insufficent - attempting to double hash size...
Warning: Specified hash size insufficent - attempting to double hash size...
Warning: Specified hash size insufficent - attempting to double hash size...
Warning: Specified hash size insufficent - attempting to double hash size... success!
 success!
 success!
 success!
 success!
 success!
 success!
 success!
 success!
 success!
 success!
 success!
 success!
 success!
 success!
 success!
 success!
 success!
 success!
 success!
 done.  Time taken: 147.5s

Bining kmers ... done.  Time taken: 11.2s

Dumping hash to histograms/sample06-hash.jf27 ... done.  Time taken: 16.4s

Merging counts ... done.  Time taken: 0.0s

Saving results to disk ... done.  Time taken: 0.0s

Creating plot ... done.  Time taken: 1.5s

Analysing peaks
---------------

Analysing distributions for: histograms/sample06 ... done.  Time taken:  1.0s

K-mer frequency spectra statistics
----------------------------------
K-value used: 27
Peaks in analysis: 2
Global minima @ Frequency=192x (12154)
Global maxima @ Frequency=194x (12196)
Overall mean k-mer frequency: 278x

  Index    Left    Mean    Right    StdDev    Max    Volume  Description
-------  ------  ------  -------  --------  -----  --------  -------------
      1   21.6      194   366.4      86.2    3659    781100  1X
      2   27.78     386   744.22    179.11   1875    607588  2X

Calculating genome statistics
-----------------------------
Assuming that homozygous peak is the largest in the spectra with frequency of: 194x
Homozygous peak index: 1
CAUTION: the following estimates are based on having a clean spectra and having identified the correct homozygous peak!
Estimated genome size: 2.00 Mbp

Creating plots
--------------

Plotting K-mer frequency distributions ... done.  Saved to: None


KAT HIST completed.
Total runtime: 178.3s

