Kmer Analysis Toolkit (KAT) V2.4.1

Running KAT in HIST mode
------------------------

Input 1 is a sequence file.  Counting kmers for input 1 (dereplicated_fasta/derep05.fa) ...
Warning: Specified hash size insufficent - attempting to double hash size...
Warning: Specified hash size insufficent - attempting to double hash size...
Warning: Specified hash size insufficent - attempting to double hash size...
Warning: Specified hash size insufficent - attempting to double hash size...
Warning: Specified hash size insufficent - attempting to double hash size...
Warning: Specified hash size insufficent - attempting to double hash size...
Warning: Specified hash size insufficent - attempting to double hash size...
Warning: Specified hash size insufficent - attempting to double hash size...
Warning: Specified hash size insufficent - attempting to double hash size...
Warning: Specified hash size insufficent - attempting to double hash size...
Warning: Specified hash size insufficent - attempting to double hash size...
Warning: Specified hash size insufficent - attempting to double hash size...
Warning: Specified hash size insufficent - attempting to double hash size...
Warning: Specified hash size insufficent - attempting to double hash size...
Warning: Specified hash size insufficent - attempting to double hash size...
Warning: Specified hash size insufficent - attempting to double hash size...
Warning: Specified hash size insufficent - attempting to double hash size...
Warning: Specified hash size insufficent - attempting to double hash size...
Warning: Specified hash size insufficent - attempting to double hash size...
Warning: Specified hash size insufficent - attempting to double hash size... success!
 success!
 success!
 success!
 success!
 success!
 success!
 success!
 success!
 success!
 success!
 success!
 success!
 success!
 success!
 success!
 success!
 success!
 success!
 success!

Warning: Specified hash size insufficent - attempting to double hash size...
Warning: Specified hash size insufficent - attempting to double hash size...
Warning: Specified hash size insufficent - attempting to double hash size...
Warning: Specified hash size insufficent - attempting to double hash size...
Warning: Specified hash size insufficent - attempting to double hash size...
Warning: Specified hash size insufficent - attempting to double hash size...
Warning: Specified hash size insufficent - attempting to double hash size...
Warning: Specified hash size insufficent - attempting to double hash size...
Warning: Specified hash size insufficent - attempting to double hash size...
Warning: Specified hash size insufficent - attempting to double hash size...
Warning: Specified hash size insufficent - attempting to double hash size...
Warning: Specified hash size insufficent - attempting to double hash size...
Warning: Specified hash size insufficent - attempting to double hash size...
Warning: Specified hash size insufficent - attempting to double hash size...
Warning: Specified hash size insufficent - attempting to double hash size...
Warning: Specified hash size insufficent - attempting to double hash size...
Warning: Specified hash size insufficent - attempting to double hash size...
Warning: Specified hash size insufficent - attempting to double hash size...
Warning: Specified hash size insufficent - attempting to double hash size...
Warning: Specified hash size insufficent - attempting to double hash size... success!
 success!
 success!
 success!
 success!
 success!
 success!
 success!
 success!
 success!
 success!
 success!
 success!
 success!
 success!
 success!
 success!
 success!
 success!
 success!
 done.  Time taken: 59.3s

Bining kmers ... done.  Time taken: 2.3s

Dumping hash to histograms/sample05-hash.jf27 ... done.  Time taken: 9.0s

Merging counts ... done.  Time taken: 0.0s

Saving results to disk ... done.  Time taken: 0.0s

Creating plot ... done.  Time taken: 1.6s

Analysing peaks
---------------

Analysing distributions for: histograms/sample05 ... done.  Time taken:  2.7s

K-mer frequency spectra statistics
----------------------------------
K-value used: 27
Peaks in analysis: 2
Global minima @ Frequency=151x (13343)
Global maxima @ Frequency=152x (13718)
Overall mean k-mer frequency: 252x

  Index    Left    Mean    Right    StdDev    Max    Volume  Description
-------  ------  ------  -------  --------  -----  --------  -------------
      1   19.32     152   284.68     66.34   3596    591647  1X
      2   24.58     302   579.42    138.71   3833   1210470  2X

Calculating genome statistics
-----------------------------
Assuming that homozygous peak is the largest in the spectra with frequency of: 152x
Homozygous peak index: 1
CAUTION: the following estimates are based on having a clean spectra and having identified the correct homozygous peak!
Estimated genome size: 3.01 Mbp

Creating plots
--------------

Plotting K-mer frequency distributions ... done.  Saved to: None


KAT HIST completed.
Total runtime: 75.4s

