Kmer Analysis Toolkit (KAT) V2.4.1

Running KAT in HIST mode
------------------------

Input 1 is a sequence file.  Counting kmers for input 1 (dereplicated_fasta/derep09.fa) ...
Warning: Specified hash size insufficent - attempting to double hash size...
Warning: Specified hash size insufficent - attempting to double hash size...
Warning: Specified hash size insufficent - attempting to double hash size...
Warning: Specified hash size insufficent - attempting to double hash size...
Warning: Specified hash size insufficent - attempting to double hash size...
Warning: Specified hash size insufficent - attempting to double hash size...
Warning: Specified hash size insufficent - attempting to double hash size...
Warning: Specified hash size insufficent - attempting to double hash size...
Warning: Specified hash size insufficent - attempting to double hash size...
Warning: Specified hash size insufficent - attempting to double hash size...
Warning: Specified hash size insufficent - attempting to double hash size...
Warning: Specified hash size insufficent - attempting to double hash size...
Warning: Specified hash size insufficent - attempting to double hash size...
Warning: Specified hash size insufficent - attempting to double hash size...
Warning: Specified hash size insufficent - attempting to double hash size...
Warning: Specified hash size insufficent - attempting to double hash size...
Warning: Specified hash size insufficent - attempting to double hash size...
Warning: Specified hash size insufficent - attempting to double hash size...
Warning: Specified hash size insufficent - attempting to double hash size...
Warning: Specified hash size insufficent - attempting to double hash size... success!
 success!
 success!
 success!
 success!
 success!
 success!
 success!
 success!
 success!
 success!
 success!
 success!
 success!
 success!
 success!
 success!
 success!
 success!
 success!

Warning: Specified hash size insufficent - attempting to double hash size...
Warning: Specified hash size insufficent - attempting to double hash size...
Warning: Specified hash size insufficent - attempting to double hash size...
Warning: Specified hash size insufficent - attempting to double hash size...
Warning: Specified hash size insufficent - attempting to double hash size...
Warning: Specified hash size insufficent - attempting to double hash size...
Warning: Specified hash size insufficent - attempting to double hash size...
Warning: Specified hash size insufficent - attempting to double hash size...
Warning: Specified hash size insufficent - attempting to double hash size...
Warning: Specified hash size insufficent - attempting to double hash size...
Warning: Specified hash size insufficent - attempting to double hash size...
Warning: Specified hash size insufficent - attempting to double hash size...
Warning: Specified hash size insufficent - attempting to double hash size...
Warning: Specified hash size insufficent - attempting to double hash size...
Warning: Specified hash size insufficent - attempting to double hash size...
Warning: Specified hash size insufficent - attempting to double hash size...
Warning: Specified hash size insufficent - attempting to double hash size...
Warning: Specified hash size insufficent - attempting to double hash size...
Warning: Specified hash size insufficent - attempting to double hash size...
Warning: Specified hash size insufficent - attempting to double hash size... success!
 success!
 success!
 success!
 success!
 success!
 success!
 success!
 success!
 success!
 success!
 success!
 success!
 success!
 success!
 success!
 success!
 success!
 success!
 success!
 done.  Time taken: 57.8s

Bining kmers ... done.  Time taken: 2.3s

Dumping hash to histograms/sample09-hash.jf27 ... done.  Time taken: 8.5s

Merging counts ... done.  Time taken: 0.0s

Saving results to disk ... done.  Time taken: 0.0s

Creating plot ... done.  Time taken: 1.5s

Analysing peaks
---------------

Analysing distributions for: histograms/sample09 ... done.  Time taken:  1.5s

K-mer frequency spectra statistics
----------------------------------
K-value used: 27
Peaks in analysis: 2
Global minima @ Frequency=154x (3993)
Global maxima @ Frequency=155x (4087)
Overall mean k-mer frequency: 202x

  Index    Left    Mean    Right    StdDev    Max    Volume  Description
-------  ------  ------  -------  --------  -----  --------  -------------
      1   24.98     155   285.02     65.01   1074    173674  1X
      2   24.82     308   591.18    141.59    244     77738  2X

Calculating genome statistics
-----------------------------
Assuming that homozygous peak is the largest in the spectra with frequency of: 155x
Homozygous peak index: 1
CAUTION: the following estimates are based on having a clean spectra and having identified the correct homozygous peak!
Estimated genome size: 0.33 Mbp

Creating plots
--------------

Plotting K-mer frequency distributions ... done.  Saved to: None


KAT HIST completed.
Total runtime: 72.2s

