Kmer Analysis Toolkit (KAT) V2.4.1

Running KAT in GCP mode
------------------------

Loading hashes into memory... done.  Time taken: 249.2s

Analysing kmers in hash ...done.  Time taken: 195.3s

Merging matrices ...done.  Time taken: 0.0s

Saving results to disk ... done.  Time taken: 0.0s

Creating plot ... done.  Time taken: 1.8s

Analysing peaks
---------------

Analysing distributions for: GC/kat-gcp06.mx ... done.  Time taken:  1.2s

K-mer frequency spectra statistics
----------------------------------

K-value used: 27
Peaks in analysis: 2
Global minima @ Frequency=193x (12154)
Global maxima @ Frequency=195x (12195)
Overall mean k-mer frequency: 276x

  Index    Left    Mean    Right    StdDev    Max    Volume  Description
-------  ------  ------  -------  --------  -----  --------  -------------
      1   21.65     195   368.35     86.68   3713    796900  1X
      2   27.86     388   748.14    180.07   1790    579324  2X

Calculating genome statistics
-----------------------------
Assuming that homozygous peak is the largest in the spectra with frequency of: 195x
Homozygous peak index: 1
CAUTION: the following estimates are based on having a clean spectra and having identified the correct homozygous peak!
Estimated genome size: 1.96 Mbp

GC distribution statistics
--------------------------

K-value used: 27
Peaks in analysis: 1
Mean GC: 43.60%

  Index    Left    Mean    Right    StdDev       Max     Volume  Description
-------  ------  ------  -------  --------  --------  ---------  -------------
      1    5.03    11.8    18.56      3.38  58511822  495968018

Creating plots
--------------

Plotting K-mer frequency distributions ... done.  Saved to: None
Plotting GC distributions ... done. Saved to: None


KAT GCP completed.
Total runtime: 448.3s

