Kmer Analysis Toolkit (KAT) V2.4.1

Running KAT in GCP mode
------------------------

Loading hashes into memory... done.  Time taken: 152.7s

Analysing kmers in hash ...done.  Time taken: 123.7s

Merging matrices ...done.  Time taken: 0.0s

Saving results to disk ... done.  Time taken: 0.0s

Creating plot ... done.  Time taken: 1.8s

Analysing peaks
---------------

Analysing distributions for: GC/kat-gcp09.mx ... done.  Time taken:  1.3s

K-mer frequency spectra statistics
----------------------------------

K-value used: 27
Peaks in analysis: 2
Global minima @ Frequency=155x (3993)
Global maxima @ Frequency=156x (4087)
Overall mean k-mer frequency: 203x

  Index    Left    Mean    Right    StdDev    Max    Volume  Description
-------  ------  ------  -------  --------  -----  --------  -------------
      1   26.47     156   285.53     64.76   1078    173755  1X
      2   24.9      310   595.1     142.55    242     77450  2X

Calculating genome statistics
-----------------------------
Assuming that homozygous peak is the largest in the spectra with frequency of: 156x
Homozygous peak index: 1
CAUTION: the following estimates are based on having a clean spectra and having identified the correct homozygous peak!
Estimated genome size: 0.33 Mbp

GC distribution statistics
--------------------------

K-value used: 27
Peaks in analysis: 1
Mean GC: 47.57%

  Index    Left    Mean    Right    StdDev       Max     Volume  Description
-------  ------  ------  -------  --------  --------  ---------  -------------
      1    5.89   12.88    19.86      3.49  34576432  302651010

Creating plots
--------------

Plotting K-mer frequency distributions ... done.  Saved to: None
Plotting GC distributions ... done. Saved to: None


KAT GCP completed.
Total runtime: 280.4s

