Kmer Analysis Toolkit (KAT) V2.4.1

Running KAT in GCP mode
------------------------

Input 1 is a sequence file.  Counting kmers for input 1 (derep07.fa) ...
Warning: Specified hash size insufficent - attempting to double hash size... success!

Warning: Specified hash size insufficent - attempting to double hash size... success!
 done.  Time taken: 725.0s

Analysing kmers in hash ...done.  Time taken: 127.2s

Merging matrices ...done.  Time taken: 0.0s

Saving results to disk ... done.  Time taken: 0.0s

Creating plot ... done.  Time taken: 1.8s

Analysing peaks
---------------

Analysing distributions for: kat-gcp.mx ... done.  Time taken:  1.4s

K-mer frequency spectra statistics
----------------------------------

K-value used: 27
Peaks in analysis: 2
Global minima @ Frequency=181x (2388)
Global maxima @ Frequency=182x (2463)
Overall mean k-mer frequency: 251x

  Index    Left    Mean    Right    StdDev    Max    Volume  Description
-------  ------  ------  -------  --------  -----  --------  -------------
      1   20.97     182   343.03     80.51    588    117358  1X
      2   26.91     362   697.09    167.55    227     74353  2X

Calculating genome statistics
-----------------------------
Assuming that homozygous peak is the largest in the spectra with frequency of: 181x
Homozygous peak index: 1
CAUTION: the following estimates are based on having a clean spectra and having identified the correct homozygous peak!
Estimated genome size: 0.27 Mbp

GC distribution statistics
--------------------------

K-value used: 27
Peaks in analysis: 1
Mean GC: 46.35%

  Index    Left    Mean    Right    StdDev       Max     Volume  Description
-------  ------  ------  -------  --------  --------  ---------  -------------
      1    5.56   12.57    19.58       3.5  35994595  316019454

Creating plots
--------------

Plotting K-mer frequency distributions ... done.  Saved to: None
Plotting GC distributions ... done. Saved to: None


KAT GCP completed.
Total runtime: 856.2s

