Kmer Analysis Toolkit (KAT) V2.4.1

Running KAT in GCP mode
------------------------

Loading hashes into memory... done.  Time taken: 1.4s

Analysing kmers in hash ...done.  Time taken: 1.5s

Merging matrices ...done.  Time taken: 0.0s

Saving results to disk ... done.  Time taken: 0.0s

Creating plot ... done.  Time taken: 1.5s

Analysing peaks
---------------

Analysing distributions for: GC/kat-gcp03.mx ... done.  Time taken:  7.4s

K-mer frequency spectra statistics
----------------------------------

K-value used: 27
Peaks in analysis: 3
Global minima @ Frequency=33x (2828)
Global maxima @ Frequency=34x (3029)
Overall mean k-mer frequency: 66x

  Index    Left    Mean    Right    StdDev    Max    Volume  Description
-------  ------  ------  -------  --------  -----  --------  -------------
      1   10         34    58        12      1066     32018  1X
      2   11.49      66   120.51     27.26    561     38113  2X
      3   20.33     170   319.67     74.83     55     10350  5X

Calculating genome statistics
-----------------------------
Assuming that homozygous peak is the largest in the spectra with frequency of: 34x
Homozygous peak index: 1
CAUTION: the following estimates are based on having a clean spectra and having identified the correct homozygous peak!
Estimated genome size: 0.14 Mbp

GC distribution statistics
--------------------------

K-value used: 27
Peaks in analysis: 1
Mean GC: 38.71%

  Index    Left    Mean    Right    StdDev     Max    Volume  Description
-------  ------  ------  -------  --------  ------  --------  -------------
      1    5.31    10.4     15.5      2.55  594915   3798149

Creating plots
--------------

Plotting K-mer frequency distributions ... done.  Saved to: None
Plotting GC distributions ... done. Saved to: None


KAT GCP completed.
Total runtime: 12.2s

