Kmer Analysis Toolkit (KAT) V2.4.1

Running KAT in GCP mode
------------------------

Input 1 is a sequence file.  Counting kmers for input 1 (derep01.fa) ... done.  Time taken: 34.0s

Analysing kmers in hash ...done.  Time taken: 6.1s

Merging matrices ...done.  Time taken: 0.0s

Saving results to disk ... done.  Time taken: 0.0s

Creating plot ... done.  Time taken: 3.4s

Analysing peaks
---------------

Analysing distributions for: kat-gcp.mx ... done.  Time taken:  8.2s

K-mer frequency spectra statistics
----------------------------------

K-value used: 27
Peaks in analysis: 3
Global minima @ Frequency=73x (1410)
Global maxima @ Frequency=74x (1448)
Overall mean k-mer frequency: 171x

  Index    Left    Mean    Right    StdDev    Max    Volume  Description
-------  ------  ------  -------  --------  -----  --------  -------------
      1   14         74   134        30       360     26944  1X
      2   17.09     146   274.91     64.46    419     67076  2X
      3   29.13     370   710.87    170.44     67     22115  5X

Calculating genome statistics
-----------------------------
Assuming that homozygous peak is the largest in the spectra with frequency of: 74x
Homozygous peak index: 1
CAUTION: the following estimates are based on having a clean spectra and having identified the correct homozygous peak!
Estimated genome size: 0.23 Mbp

GC distribution statistics
--------------------------

K-value used: 27
Peaks in analysis: 1
Mean GC: 43.25%

  Index    Left    Mean    Right    StdDev      Max    Volume  Description
-------  ------  ------  -------  --------  -------  --------  -------------
      1    5.45   11.67    17.89      3.11  1323991  10317481

Creating plots
--------------

Plotting K-mer frequency distributions ... done.  Saved to: None
Plotting GC distributions ... done. Saved to: None


KAT GCP completed.
Total runtime: 52.4s

