Kmer Analysis Toolkit (KAT) V2.4.1

Running KAT in GCP mode
------------------------

Input 1 is a sequence file.  Counting kmers for input 1 (derep02.fa) ... done.  Time taken: 35.6s

Analysing kmers in hash ...done.  Time taken: 6.4s

Merging matrices ...done.  Time taken: 0.0s

Saving results to disk ... done.  Time taken: 0.0s

Creating plot ... done.  Time taken: 1.8s

Analysing peaks
---------------

Analysing distributions for: kat-gcp.mx ... done.  Time taken:  8.9s

K-mer frequency spectra statistics
----------------------------------

K-value used: 27
Peaks in analysis: 3
Global minima @ Frequency=58x (2147)
Global maxima @ Frequency=59x (2351)
Overall mean k-mer frequency: 141x

  Index    Left    Mean    Right    StdDev    Max    Volume  Description
-------  ------  ------  -------  --------  -----  --------  -------------
      1   12.68      59   105.32     23.16    618     35728  1X
      2   15.23     116   216.77     50.38    625     78239  2X
      3   26.21     295   563.79    134.4     104     32402  5X

Calculating genome statistics
-----------------------------
Assuming that homozygous peak is the largest in the spectra with frequency of: 59x
Homozygous peak index: 1
CAUTION: the following estimates are based on having a clean spectra and having identified the correct homozygous peak!
Estimated genome size: 0.29 Mbp

GC distribution statistics
--------------------------

K-value used: 27
Peaks in analysis: 1
Mean GC: 42.58%

  Index    Left    Mean    Right    StdDev      Max    Volume  Description
-------  ------  ------  -------  --------  -------  --------  -------------
      1    5.24   11.49    17.73      3.12  1458621  11409700

Creating plots
--------------

Plotting K-mer frequency distributions ... done.  Saved to: None
Plotting GC distributions ... done. Saved to: None


KAT GCP completed.
Total runtime: 53.2s

