Kmer Analysis Toolkit (KAT) V2.4.1

Running KAT in GCP mode
------------------------

Input 1 is a sequence file.  Counting kmers for input 1 (derep04.fa) ... done.  Time taken: 12.9s

Analysing kmers in hash ...done.  Time taken: 4.6s

Merging matrices ...done.  Time taken: 0.0s

Saving results to disk ... done.  Time taken: 0.0s

Creating plot ... done.  Time taken: 1.8s

Analysing peaks
---------------

Analysing distributions for: kat-gcp.mx ... done.  Time taken:  8.7s

K-mer frequency spectra statistics
----------------------------------

K-value used: 27
Peaks in analysis: 2
Global minima @ Frequency=48x (2180)
Global maxima @ Frequency=49x (2282)
Overall mean k-mer frequency: 77x

  Index    Left    Mean    Right    StdDev    Max    Volume  Description
-------  ------  ------  -------  --------  -----  --------  -------------
      1   11.7       49    86.3      18.65    738     34374  1X
      2   13.86      96   178.14     41.07    520     53133  2X

Calculating genome statistics
-----------------------------
Assuming that homozygous peak is the largest in the spectra with frequency of: 49x
Homozygous peak index: 1
CAUTION: the following estimates are based on having a clean spectra and having identified the correct homozygous peak!
Estimated genome size: 0.14 Mbp

GC distribution statistics
--------------------------

K-value used: 27
Peaks in analysis: 1
Mean GC: 42.33%

  Index    Left    Mean    Right    StdDev     Max    Volume  Description
-------  ------  ------  -------  --------  ------  --------  -------------
      1    5.72   11.33    16.94      2.81  800754   5632336

Creating plots
--------------

Plotting K-mer frequency distributions ... done.  Saved to: None
Plotting GC distributions ... done. Saved to: None


KAT GCP completed.
Total runtime: 28.5s

